\BOOKMARK [0][-]{part*.3}{\376\377\000P\000r\000\363\000l\000o\000g\000o}{}% 1
\BOOKMARK [0][-]{part*.4}{\376\377\000P\000r\000e\000f\000a\000c\000i\000o}{}% 2
\BOOKMARK [0][-]{part*.5}{\376\377\000A\000g\000r\000a\000d\000e\000c\000i\000m\000i\000e\000n\000t\000o\000s}{}% 3
\BOOKMARK [-1][-]{part.1}{\376\377\000I\000\040\000I\000n\000t\000r\000o\000d\000u\000c\000c\000i\000\363\000n\000\040\000a\000\040\000l\000a\000\040\000C\000r\000i\000a\000n\000z\000a\000\040\000e\000n\000\040\000L\000i\000b\000e\000r\000t\000a\000d}{}% 4
\BOOKMARK [0][-]{chapter.1}{\376\377\000D\000e\000f\000i\000n\000i\000c\000i\000\363\000n\000\040\000d\000e\000\040\000C\000r\000i\000a\000n\000z\000a\000\040\000e\000n\000\040\000L\000i\000b\000e\000r\000t\000a\000d}{part.1}% 5
\BOOKMARK [0][-]{chapter.2}{\376\377\000H\000i\000s\000t\000o\000r\000i\000a\000\040\000d\000e\000l\000\040\000M\000o\000v\000i\000m\000i\000e\000n\000t\000o\000\040\000d\000e\000\040\000E\000d\000u\000c\000a\000c\000i\000\363\000n\000\040\000A\000l\000t\000e\000r\000n\000a\000t\000i\000v\000a}{part.1}% 6
\BOOKMARK [0][-]{chapter.3}{\376\377\000I\000m\000p\000o\000r\000t\000a\000n\000c\000i\000a\000\040\000d\000e\000\040\000l\000a\000\040\000A\000u\000t\000o\000n\000o\000m\000\355\000a\000\040\000I\000n\000f\000a\000n\000t\000i\000l}{part.1}% 7
\BOOKMARK [-1][-]{part.2}{\376\377\000I\000I\000\040\000F\000u\000n\000d\000a\000m\000e\000n\000t\000o\000s\000\040\000d\000e\000\040\000l\000a\000\040\000C\000r\000i\000a\000n\000z\000a\000\040\000e\000n\000\040\000L\000i\000b\000e\000r\000t\000a\000d}{}% 8
\BOOKMARK [-1][-]{part.3}{\376\377\000I\000I\000I\000\040\000H\000i\000s\000t\000o\000r\000i\000a\000\040\000y\000\040\000T\000e\000o\000r\000\355\000a\000\040\000d\000e\000\040\000l\000a\000\040\000E\000d\000u\000c\000a\000c\000i\000\363\000n\000\040\000A\000l\000t\000e\000r\000n\000a\000t\000i\000v\000a}{}% 9
\BOOKMARK [0][-]{chapter.4}{\376\377\000M\000o\000d\000e\000l\000o\000s\000\040\000d\000e\000\040\000A\000p\000r\000e\000n\000d\000i\000z\000a\000j\000e\000\040\000N\000a\000t\000u\000r\000a\000l}{part.3}% 10
\BOOKMARK [0][-]{chapter.5}{\376\377\000L\000a\000\040\000P\000s\000i\000c\000o\000l\000o\000g\000\355\000a\000\040\000d\000e\000l\000\040\000A\000p\000r\000e\000n\000d\000i\000z\000a\000j\000e\000:\000\040\000C\000\363\000m\000o\000\040\000A\000p\000r\000e\000n\000d\000e\000n\000\040\000l\000o\000s\000\040\000N\000i\000\361\000o\000s}{part.3}% 11
\BOOKMARK [0][-]{chapter.6}{\376\377\000L\000a\000\040\000C\000r\000\355\000t\000i\000c\000a\000\040\000a\000\040\000l\000a\000\040\000E\000d\000u\000c\000a\000c\000i\000\363\000n\000\040\000T\000r\000a\000d\000i\000c\000i\000o\000n\000a\000l}{part.3}% 12
\BOOKMARK [-1][-]{part.4}{\376\377\000I\000V\000\040\000P\000r\000\341\000c\000t\000i\000c\000a\000:\000\040\000C\000\363\000m\000o\000\040\000V\000i\000v\000i\000r\000\040\000l\000a\000\040\000C\000r\000i\000a\000n\000z\000a\000\040\000e\000n\000\040\000L\000i\000b\000e\000r\000t\000a\000d}{}% 13
\BOOKMARK [-1][-]{part.5}{\376\377\000V\000\040\000E\000s\000t\000r\000a\000t\000e\000g\000i\000a\000s\000\040\000y\000\040\000H\000e\000r\000r\000a\000m\000i\000e\000n\000t\000a\000s\000\040\000C\000o\000t\000i\000d\000i\000a\000n\000a\000s}{}% 14
\BOOKMARK [0][-]{chapter.7}{\376\377\000E\000l\000\040\000R\000o\000l\000\040\000d\000e\000l\000\040\000J\000u\000e\000g\000o\000\040\000e\000n\000\040\000e\000l\000\040\000A\000p\000r\000e\000n\000d\000i\000z\000a\000j\000e}{part.5}% 15
\BOOKMARK [0][-]{chapter.8}{\376\377\000M\000\351\000t\000o\000d\000o\000s\000\040\000p\000a\000r\000a\000\040\000F\000o\000m\000e\000n\000t\000a\000r\000\040\000l\000a\000\040\000C\000u\000r\000i\000o\000s\000i\000d\000a\000d}{part.5}% 16
\BOOKMARK [0][-]{chapter.9}{\376\377\000C\000r\000e\000a\000r\000\040\000A\000m\000b\000i\000e\000n\000t\000e\000s\000\040\000d\000e\000\040\000A\000p\000r\000e\000n\000d\000i\000z\000a\000j\000e\000\040\000R\000i\000c\000o\000s}{part.5}% 17
\BOOKMARK [0][-]{chapter.10}{\376\377\000R\000e\000c\000u\000r\000s\000o\000s\000\040\000E\000s\000e\000n\000c\000i\000a\000l\000e\000s\000:\000\040\000T\000u\000\040\000C\000a\000j\000a\000\040\000d\000e\000\040\000H\000e\000r\000r\000a\000m\000i\000e\000n\000t\000a\000s}{part.5}% 18
\BOOKMARK [1][-]{section.10.1}{\376\377\000L\000i\000b\000r\000o\000s\000\040\000R\000e\000c\000o\000m\000e\000n\000d\000a\000d\000o\000s}{chapter.10}% 19
\BOOKMARK [1][-]{section.10.2}{\376\377\000C\000o\000m\000u\000n\000i\000d\000a\000d\000e\000s\000\040\000y\000\040\000R\000e\000d\000e\000s\000\040\000d\000e\000\040\000A\000p\000o\000y\000o}{chapter.10}% 20
\BOOKMARK [1][-]{section.10.3}{\376\377\000A\000c\000t\000i\000v\000i\000d\000a\000d\000e\000s\000\040\000y\000\040\000E\000x\000p\000e\000r\000i\000m\000e\000n\000t\000o\000s\000\040\000e\000n\000\040\000C\000a\000s\000a}{chapter.10}% 21
\BOOKMARK [-1][-]{part.6}{\376\377\000V\000I\000\040\000N\000a\000v\000e\000g\000a\000n\000d\000o\000\040\000l\000a\000\040\000P\000r\000e\000s\000i\000\363\000n\000\040\000S\000o\000c\000i\000a\000l\000\040\000y\000\040\000l\000a\000s\000\040\000C\000r\000\355\000t\000i\000c\000a\000s}{}% 22
\BOOKMARK [0][-]{chapter.11}{\376\377\000L\000a\000\040\000E\000s\000t\000i\000g\000m\000a\000t\000i\000z\000a\000c\000i\000\363\000n\000\040\000d\000e\000\040\000l\000a\000\040\000C\000r\000i\000a\000n\000z\000a\000\040\000A\000l\000t\000e\000r\000n\000a\000t\000i\000v\000a}{part.6}% 23
\BOOKMARK [0][-]{chapter.12}{\376\377\000T\000e\000s\000t\000i\000m\000o\000n\000i\000o\000s\000\040\000d\000e\000\040\000F\000a\000m\000i\000l\000i\000a\000s\000\040\000q\000u\000e\000\040\000E\000d\000u\000c\000a\000n\000\040\000L\000i\000b\000r\000e\000s}{part.6}% 24
\BOOKMARK [0][-]{chapter.13}{\376\377\000M\000a\000n\000e\000j\000o\000\040\000d\000e\000\040\000l\000a\000\040\000C\000r\000\355\000t\000i\000c\000a\000\040\000y\000\040\000e\000l\000\040\000J\000u\000i\000c\000i\000o\000\040\000E\000x\000t\000e\000r\000n\000o}{part.6}% 25
\BOOKMARK [-1][-]{part.7}{\376\377\000V\000I\000I\000\040\000I\000n\000s\000p\000i\000r\000a\000c\000i\000\363\000n\000\040\000y\000\040\000F\000u\000t\000u\000r\000o}{}% 26
\BOOKMARK [-1][-]{part.8}{\376\377\000V\000I\000I\000I\000\040\000H\000i\000s\000t\000o\000r\000i\000a\000s\000\040\000d\000e\000\040\000\311\000x\000i\000t\000o\000:\000\040\000F\000a\000m\000i\000l\000i\000a\000s\000\040\000q\000u\000e\000\040\000l\000o\000\040\000L\000o\000g\000r\000a\000r\000o\000n}{}% 27
\BOOKMARK [0][-]{chapter.14}{\376\377\000H\000i\000s\000t\000o\000r\000i\000a\000s\000\040\000I\000n\000s\000p\000i\000r\000a\000d\000o\000r\000a\000s\000\040\000d\000e\000\040\000E\000d\000u\000c\000a\000d\000o\000r\000e\000s\000\040\000e\000n\000\040\000C\000a\000s\000a}{part.8}% 28
\BOOKMARK [0][-]{chapter.15}{\376\377\000L\000o\000\040\000q\000u\000e\000\040\000N\000o\000s\000\040\000E\000n\000s\000e\000\361\000a\000n\000\040\000N\000u\000e\000s\000t\000r\000o\000s\000\040\000H\000i\000j\000o\000s}{part.8}% 29
\BOOKMARK [0][-]{chapter.16}{\376\377\000A\000p\000r\000e\000n\000d\000i\000e\000n\000d\000o\000\040\000J\000u\000n\000t\000o\000s\000:\000\040\000L\000a\000\040\000F\000a\000m\000i\000l\000i\000a\000\040\000c\000o\000m\000o\000\040\000C\000o\000m\000u\000n\000i\000d\000a\000d\000\040\000E\000d\000u\000c\000a\000t\000i\000v\000a}{part.8}% 30
\BOOKMARK [-1][-]{part.9}{\376\377\000I\000X\000\040\000E\000l\000\040\000F\000u\000t\000u\000r\000o\000\040\000d\000e\000\040\000l\000a\000\040\000E\000d\000u\000c\000a\000c\000i\000\363\000n\000:\000\040\000T\000u\000\040\000P\000a\000p\000e\000l\000\040\000e\000n\000\040\000e\000l\000\040\000C\000a\000m\000b\000i\000o}{}% 31
\BOOKMARK [0][-]{chapter.17}{\376\377\000V\000i\000s\000i\000\363\000n\000\040\000d\000e\000\040\000u\000n\000\040\000F\000u\000t\000u\000r\000o\000\040\000E\000d\000u\000c\000a\000t\000i\000v\000o\000\040\000A\000l\000t\000e\000r\000n\000a\000t\000i\000v\000o}{part.9}% 32
\BOOKMARK [0][-]{chapter.18}{\376\377\000C\000o\000m\000p\000r\000o\000m\000i\000s\000o\000\040\000c\000o\000n\000\040\000l\000a\000\040\000C\000r\000i\000a\000n\000z\000a\000\040\000C\000o\000n\000s\000c\000i\000e\000n\000t\000e}{part.9}% 33
\BOOKMARK [0][-]{chapter.19}{\376\377\000C\000\363\000m\000o\000\040\000C\000o\000n\000t\000r\000i\000b\000u\000i\000r\000\040\000a\000l\000\040\000M\000o\000v\000i\000m\000i\000e\000n\000t\000o\000\040\000d\000e\000\040\000C\000r\000i\000a\000n\000z\000a\000\040\000e\000n\000\040\000L\000i\000b\000e\000r\000t\000a\000d}{part.9}% 34
\BOOKMARK [0][-]{part*.6}{\376\377\000E\000p\000\355\000l\000o\000g\000o}{part.9}% 35
\BOOKMARK [0][-]{part*.7}{\376\377\000B\000i\000b\000l\000i\000o\000g\000r\000a\000f\000\355\000a}{part.9}% 36
\BOOKMARK [0][-]{part*.8}{\376\377\000\315\000n\000d\000i\000c\000e\000\040\000A\000l\000f\000a\000b\000\351\000t\000i\000c\000o}{part.9}% 37
\BOOKMARK [0][-]{chapter*.9}{\376\377\000S\000o\000b\000r\000e\000\040\000e\000l\000\040\000A\000u\000t\000o\000r}{part.9}% 38
