mktextfm pplr8t
mktextfm pplr8t
mktextfm pplb8t
mktextfm pplr8t
mktextfm pplri8t
mktextfm pplr8t
mktextfm pplr8t
mktextfm pplri8t
mktextfm pplr8t
mktextfm pplb8t
mktextfm pplr8c
mktextfm pplr7t
mktextfm pplr7t
mktextfm pplr7t
mktextfm zplmr7m
mktextfm zplmr7m
mktextfm zplmr7m
mktextfm zplmr7y
mktextfm zplmr7y
mktextfm zplmr7y
mktextfm zplmr7v
mktextfm zplmr7v
mktextfm zplmr7v
mktextfm zplmr7t
mktextfm zplmr7t
mktextfm zplmr7t
mktextfm pplri8t
mktextfm pplb8t
mktextfm pplbi8t
mktextfm pplr8c
mktextfm pplr7t
mktextfm pplr7t
mktextfm pplr7t
mktextfm zplmr7m
mktextfm zplmr7m
mktextfm zplmr7m
mktextfm zplmr7y
mktextfm zplmr7y
mktextfm zplmr7y
mktextfm zplmr7v
mktextfm zplmr7v
mktextfm zplmr7v
mktextfm zplmr7t
mktextfm zplmr7t
mktextfm zplmr7t
mktextfm pplr8t
mktextfm pplr8t
mktextfm pplr8t
mktextfm pplb8t
mktextfm pplr8t
mktextfm pplri8t
mktextfm pplr8t
mktextfm pplr8t
mktextfm pplri8t
mktextfm pplr8t
mktextfm pplb8t
mktextfm pplr8c
mktextfm pplr7t
mktextfm pplr7t
mktextfm pplr7t
mktextfm zplmr7m
mktextfm zplmr7m
mktextfm zplmr7m
mktextfm zplmr7y
mktextfm zplmr7y
mktextfm zplmr7y
mktextfm zplmr7v
mktextfm zplmr7v
mktextfm zplmr7v
mktextfm zplmr7t
mktextfm zplmr7t
mktextfm zplmr7t
mktextfm pplri8t
mktextfm pplb8t
mktextfm pplb8t
mktextfm pplbi8t
mktextfm pplr8c
mktextfm pplr7t
mktextfm pplr7t
mktextfm pplr7t
mktextfm zplmr7m
mktextfm zplmr7m
mktextfm zplmr7m
mktextfm zplmr7y
mktextfm zplmr7y
mktextfm zplmr7y
mktextfm zplmr7v
mktextfm zplmr7v
mktextfm zplmr7v
mktextfm zplmr7t
mktextfm zplmr7t
mktextfm zplmr7t
mktextfm pplr8t
mktextfm pplr8t
mktextfm pplr8t
mktextfm pplb8t
mktextfm pplr8t
mktextfm pplri8t
mktextfm pplr8t
mktextfm pplr8t
mktextfm pplri8t
mktextfm pplr8t
mktextfm pplb8t
mktextfm pplr8c
mktextfm pplr7t
mktextfm pplr7t
mktextfm pplr7t
mktextfm zplmr7m
mktextfm zplmr7m
mktextfm zplmr7m
mktextfm zplmr7y
mktextfm zplmr7y
mktextfm zplmr7y
mktextfm zplmr7v
mktextfm zplmr7v
mktextfm zplmr7v
mktextfm zplmr7t
mktextfm zplmr7t
mktextfm zplmr7t
mktextfm pplri8t
mktextfm pplb8t
mktextfm pplb8t
mktextfm pplbi8t
mktextfm pplr8c
mktextfm pplr7t
mktextfm pplr7t
mktextfm pplr7t
mktextfm zplmr7m
mktextfm zplmr7m
mktextfm zplmr7m
mktextfm zplmr7y
mktextfm zplmr7y
mktextfm zplmr7y
mktextfm zplmr7v
mktextfm zplmr7v
mktextfm zplmr7v
mktextfm zplmr7t
mktextfm zplmr7t
mktextfm zplmr7t
mktextfm pplr8t
mktextfm bchr8t
mktextfm bchr8t
mktextfm bchb8t
mktextfm bchr8t
mktextfm bchri8t
mktextfm bchr8t
mktextfm bchr8t
mktextfm bchri8t
mktextfm bchr8t
mktextfm bchb8t
mktextfm bchr8c
mktextfm bchri8t
mktextfm bchb8t
mktextfm bchbi8t
mktextfm bchr8c
mktextfm bchr8t
mktextfm bchr8t
mktextfm bchr8t
mktextfm bchb8t
mktextfm bchr8t
mktextfm bchri8t
mktextfm bchr8t
mktextfm bchr8t
mktextfm bchri8t
mktextfm bchr8t
mktextfm bchb8t
mktextfm bchr8c
mktextfm bchri8t
mktextfm bchb8t
mktextfm bchb8t
mktextfm bchbi8t
mktextfm bchr8c
mktextfm bchr8t
mktextfm bchr8t
mktextfm bchr8t
mktextfm bchb8t
mktextfm bchr8t
mktextfm bchri8t
mktextfm bchr8t
mktextfm bchr8t
mktextfm bchri8t
mktextfm bchr8t
mktextfm bchb8t
mktextfm bchr8c
mktextfm bchri8t
mktextfm bchb8t
mktextfm bchb8t
mktextfm bchbi8t
mktextfm bchr8c
mktextfm bchr8t
